<?xml version="1.0" encoding="UTF-8"?>
<!-- Generated by org.testng.reporters.JUnitXMLReporter -->
<testsuite ignored="0" hostname="LAPTOP-APLKU03V" failures="1" tests="2" name="Test" time="21.995" errors="0" timestamp="2024-03-24T14:27:47 IST">
  <testcase classname="TestCases.TC_002_Product_mac_search" name="VerifyProduct" time="7.148"/>
  <testcase classname="TestCases.TC_001_Product_via_filerapply" name="Applyfiletr" time="5.545">
    <failure type="java.lang.AssertionError" message="An exception occurred: javascript error: Cannot set properties of null (setting &amp;apos;scrollTop&amp;apos;)
  (Session info: chrome=122.0.6261.131)
Build info: version: &amp;apos;4.15.0&amp;apos;, revision: &amp;apos;1d14b5521b&amp;apos;
System info: os.name: &amp;apos;Windows 11&amp;apos;, os.arch: &amp;apos;amd64&amp;apos;, os.version: &amp;apos;10.0&amp;apos;, java.version: &amp;apos;17.0.9&amp;apos;
Driver info: org.openqa.selenium.chrome.ChromeDriver
Command: [1eeef116dd1816151f5fe3bbef6ff3a1, executeScript {script=document.querySelector(&amp;quot;.x-overlay__wrapper--left&amp;quot;).scrollTop=600, args=[null]}]
Capabilities {acceptInsecureCerts: false, browserName: chrome, browserVersion: 122.0.6261.131, chrome: {chromedriverVersion: 122.0.6261.128 (f18a44fedeb..., userDataDir: C:\Users\sai22\AppData\Loca...}, fedcm:accounts: true, goog:chromeOptions: {debuggerAddress: localhost:53135}, networkConnectionEnabled: false, pageLoadStrategy: normal, platformName: windows, proxy: Proxy(), se:cdp: ws://localhost:53135/devtoo..., se:cdpVersion: 122.0.6261.131, setWindowRect: true, strictFileInteractability: false, timeouts: {implicit: 0, pageLoad: 300000, script: 30000}, unhandledPromptBehavior: dismiss and notify, webauthn:extension:credBlob: true, webauthn:extension:largeBlob: true, webauthn:extension:minPinLength: true, webauthn:extension:prf: true, webauthn:virtualAuthenticators: true}
Session ID: 1eeef116dd1816151f5fe3bbef6ff3a1">
      <![CDATA[java.lang.AssertionError: An exception occurred: javascript error: Cannot set properties of null (setting 'scrollTop')
  (Session info: chrome=122.0.6261.131)
Build info: version: '4.15.0', revision: '1d14b5521b'
System info: os.name: 'Windows 11', os.arch: 'amd64', os.version: '10.0', java.version: '17.0.9'
Driver info: org.openqa.selenium.chrome.ChromeDriver
Command: [1eeef116dd1816151f5fe3bbef6ff3a1, executeScript {script=document.querySelector(".x-overlay__wrapper--left").scrollTop=600, args=[null]}]
Capabilities {acceptInsecureCerts: false, browserName: chrome, browserVersion: 122.0.6261.131, chrome: {chromedriverVersion: 122.0.6261.128 (f18a44fedeb..., userDataDir: C:\Users\sai22\AppData\Loca...}, fedcm:accounts: true, goog:chromeOptions: {debuggerAddress: localhost:53135}, networkConnectionEnabled: false, pageLoadStrategy: normal, platformName: windows, proxy: Proxy(), se:cdp: ws://localhost:53135/devtoo..., se:cdpVersion: 122.0.6261.131, setWindowRect: true, strictFileInteractability: false, timeouts: {implicit: 0, pageLoad: 300000, script: 30000}, unhandledPromptBehavior: dismiss and notify, webauthn:extension:credBlob: true, webauthn:extension:largeBlob: true, webauthn:extension:minPinLength: true, webauthn:extension:prf: true, webauthn:virtualAuthenticators: true}
Session ID: 1eeef116dd1816151f5fe3bbef6ff3a1
at TestCases.TC_001_Product_via_filerapply.Applyfiletr(TC_001_Product_via_filerapply.java:57)
at java.base/java.util.ArrayList.forEach(ArrayList.java:1511)
... Removed 28 stack frames]]>
    </failure>
  </testcase> <!-- Applyfiletr -->
</testsuite> <!-- Test -->
