<?xml version="1.0" encoding="UTF-8"?>
<testng-results ignored="0" total="2" passed="1" failed="1" skipped="0">
  <reporter-output>
  </reporter-output>
  <suite started-at="2024-03-24T14:27:23 IST" name="Suite" finished-at="2024-03-24T14:27:45 IST" duration-ms="21995">
    <groups>
      <group name="regression">
        <method signature="TC_001_Product_via_filerapply.Applyfiletr()[pri:0, instance:TestCases.TC_001_Product_via_filerapply@1ed4ae0f]" name="Applyfiletr" class="TestCases.TC_001_Product_via_filerapply"/>
        <method signature="TC_002_Product_mac_search.VerifyProduct()[pri:0, instance:TestCases.TC_002_Product_mac_search@298a5e20]" name="VerifyProduct" class="TestCases.TC_002_Product_mac_search"/>
      </group> <!-- regression -->
    </groups>
    <test started-at="2024-03-24T14:27:23 IST" name="Test" finished-at="2024-03-24T14:27:45 IST" duration-ms="21995">
      <class name="TestCases.TC_001_Product_via_filerapply">
        <test-method is-config="true" signature="setup(java.lang.String,java.lang.String)[pri:0, instance:TestCases.TC_001_Product_via_filerapply@1ed4ae0f]" started-at="2024-03-24T14:27:35 IST" name="setup" finished-at="2024-03-24T14:27:39 IST" duration-ms="3587" status="PASS">
          <params>
            <param index="0">
              <value>
                <![CDATA[windows]]>
              </value>
            </param>
            <param index="1">
              <value>
                <![CDATA[chrome]]>
              </value>
            </param>
          </params>
          <reporter-output>
          </reporter-output>
        </test-method> <!-- setup -->
        <test-method signature="Applyfiletr()[pri:0, instance:TestCases.TC_001_Product_via_filerapply@1ed4ae0f]" started-at="2024-03-24T14:27:39 IST" name="Applyfiletr" finished-at="2024-03-24T14:27:45 IST" duration-ms="5545" status="FAIL">
          <exception class="java.lang.AssertionError">
            <message>
              <![CDATA[An exception occurred: javascript error: Cannot set properties of null (setting 'scrollTop')
  (Session info: chrome=122.0.6261.131)
Build info: version: '4.15.0', revision: '1d14b5521b'
System info: os.name: 'Windows 11', os.arch: 'amd64', os.version: '10.0', java.version: '17.0.9'
Driver info: org.openqa.selenium.chrome.ChromeDriver
Command: [1eeef116dd1816151f5fe3bbef6ff3a1, executeScript {script=document.querySelector(".x-overlay__wrapper--left").scrollTop=600, args=[null]}]
Capabilities {acceptInsecureCerts: false, browserName: chrome, browserVersion: 122.0.6261.131, chrome: {chromedriverVersion: 122.0.6261.128 (f18a44fedeb..., userDataDir: C:\Users\sai22\AppData\Loca...}, fedcm:accounts: true, goog:chromeOptions: {debuggerAddress: localhost:53135}, networkConnectionEnabled: false, pageLoadStrategy: normal, platformName: windows, proxy: Proxy(), se:cdp: ws://localhost:53135/devtoo..., se:cdpVersion: 122.0.6261.131, setWindowRect: true, strictFileInteractability: false, timeouts: {implicit: 0, pageLoad: 300000, script: 30000}, unhandledPromptBehavior: dismiss and notify, webauthn:extension:credBlob: true, webauthn:extension:largeBlob: true, webauthn:extension:minPinLength: true, webauthn:extension:prf: true, webauthn:virtualAuthenticators: true}
Session ID: 1eeef116dd1816151f5fe3bbef6ff3a1]]>
            </message>
            <full-stacktrace>
              <![CDATA[java.lang.AssertionError: An exception occurred: javascript error: Cannot set properties of null (setting 'scrollTop')
  (Session info: chrome=122.0.6261.131)
Build info: version: '4.15.0', revision: '1d14b5521b'
System info: os.name: 'Windows 11', os.arch: 'amd64', os.version: '10.0', java.version: '17.0.9'
Driver info: org.openqa.selenium.chrome.ChromeDriver
Command: [1eeef116dd1816151f5fe3bbef6ff3a1, executeScript {script=document.querySelector(".x-overlay__wrapper--left").scrollTop=600, args=[null]}]
Capabilities {acceptInsecureCerts: false, browserName: chrome, browserVersion: 122.0.6261.131, chrome: {chromedriverVersion: 122.0.6261.128 (f18a44fedeb..., userDataDir: C:\Users\sai22\AppData\Loca...}, fedcm:accounts: true, goog:chromeOptions: {debuggerAddress: localhost:53135}, networkConnectionEnabled: false, pageLoadStrategy: normal, platformName: windows, proxy: Proxy(), se:cdp: ws://localhost:53135/devtoo..., se:cdpVersion: 122.0.6261.131, setWindowRect: true, strictFileInteractability: false, timeouts: {implicit: 0, pageLoad: 300000, script: 30000}, unhandledPromptBehavior: dismiss and notify, webauthn:extension:credBlob: true, webauthn:extension:largeBlob: true, webauthn:extension:minPinLength: true, webauthn:extension:prf: true, webauthn:virtualAuthenticators: true}
Session ID: 1eeef116dd1816151f5fe3bbef6ff3a1
at org.testng.Assert.fail(Assert.java:111)
at TestCases.TC_001_Product_via_filerapply.Applyfiletr(TC_001_Product_via_filerapply.java:57)
at java.base/jdk.internal.reflect.NativeMethodAccessorImpl.invoke0(Native Method)
at java.base/jdk.internal.reflect.NativeMethodAccessorImpl.invoke(NativeMethodAccessorImpl.java:77)
at java.base/jdk.internal.reflect.DelegatingMethodAccessorImpl.invoke(DelegatingMethodAccessorImpl.java:43)
at java.base/java.lang.reflect.Method.invoke(Method.java:568)
at org.testng.internal.invokers.MethodInvocationHelper.invokeMethod(MethodInvocationHelper.java:139)
at org.testng.internal.invokers.TestInvoker.invokeMethod(TestInvoker.java:664)
at org.testng.internal.invokers.TestInvoker.invokeTestMethod(TestInvoker.java:227)
at org.testng.internal.invokers.MethodRunner.runInSequence(MethodRunner.java:50)
at org.testng.internal.invokers.TestInvoker$MethodInvocationAgent.invoke(TestInvoker.java:957)
at org.testng.internal.invokers.TestInvoker.invokeTestMethods(TestInvoker.java:200)
at org.testng.internal.invokers.TestMethodWorker.invokeTestMethods(TestMethodWorker.java:148)
at org.testng.internal.invokers.TestMethodWorker.run(TestMethodWorker.java:128)
at java.base/java.util.ArrayList.forEach(ArrayList.java:1511)
at org.testng.TestRunner.privateRun(TestRunner.java:848)
at org.testng.TestRunner.run(TestRunner.java:621)
at org.testng.SuiteRunner.runTest(SuiteRunner.java:443)
at org.testng.SuiteRunner.runSequentially(SuiteRunner.java:437)
at org.testng.SuiteRunner.privateRun(SuiteRunner.java:397)
at org.testng.SuiteRunner.run(SuiteRunner.java:336)
at org.testng.SuiteRunnerWorker.runSuite(SuiteRunnerWorker.java:52)
at org.testng.SuiteRunnerWorker.run(SuiteRunnerWorker.java:95)
at org.testng.TestNG.runSuitesSequentially(TestNG.java:1280)
at org.testng.TestNG.runSuitesLocally(TestNG.java:1200)
at org.testng.TestNG.runSuites(TestNG.java:1114)
at org.testng.TestNG.run(TestNG.java:1082)
at org.testng.remote.AbstractRemoteTestNG.run(AbstractRemoteTestNG.java:115)
at org.testng.remote.RemoteTestNG.initAndRun(RemoteTestNG.java:251)
at org.testng.remote.RemoteTestNG.main(RemoteTestNG.java:77)
]]>
            </full-stacktrace>
          </exception> <!-- java.lang.AssertionError -->
          <reporter-output>
          </reporter-output>
        </test-method> <!-- Applyfiletr -->
        <test-method is-config="true" signature="tearDown()[pri:0, instance:TestCases.TC_001_Product_via_filerapply@1ed4ae0f]" started-at="2024-03-24T14:27:45 IST" name="tearDown" finished-at="2024-03-24T14:27:45 IST" duration-ms="168" status="PASS">
          <reporter-output>
          </reporter-output>
        </test-method> <!-- tearDown -->
      </class> <!-- TestCases.TC_001_Product_via_filerapply -->
      <class name="TestCases.TC_002_Product_mac_search">
        <test-method is-config="true" signature="setup(java.lang.String,java.lang.String)[pri:0, instance:TestCases.TC_002_Product_mac_search@298a5e20]" started-at="2024-03-24T14:27:23 IST" name="setup" finished-at="2024-03-24T14:27:28 IST" duration-ms="4562" status="PASS">
          <params>
            <param index="0">
              <value>
                <![CDATA[windows]]>
              </value>
            </param>
            <param index="1">
              <value>
                <![CDATA[chrome]]>
              </value>
            </param>
          </params>
          <reporter-output>
          </reporter-output>
        </test-method> <!-- setup -->
        <test-method signature="VerifyProduct()[pri:0, instance:TestCases.TC_002_Product_mac_search@298a5e20]" started-at="2024-03-24T14:27:28 IST" name="VerifyProduct" finished-at="2024-03-24T14:27:35 IST" duration-ms="7148" status="PASS">
          <reporter-output>
          </reporter-output>
        </test-method> <!-- VerifyProduct -->
        <test-method is-config="true" signature="tearDown()[pri:0, instance:TestCases.TC_002_Product_mac_search@298a5e20]" started-at="2024-03-24T14:27:35 IST" name="tearDown" finished-at="2024-03-24T14:27:35 IST" duration-ms="282" status="PASS">
          <reporter-output>
          </reporter-output>
        </test-method> <!-- tearDown -->
      </class> <!-- TestCases.TC_002_Product_mac_search -->
    </test> <!-- Test -->
  </suite> <!-- Suite -->
</testng-results>
